<?xml version="1.0" encoding="UTF-8"?>
<testsuite xmlns:xsi="http://www.w3.org/2001/XMLSchema-instance" xsi:noNamespaceSchemaLocation="https://maven.apache.org/surefire/maven-surefire-plugin/xsd/surefire-test-report.xsd" name="com.udv.udvstore.UdvstoreApplicationTests" time="7.448" tests="1" errors="0" skipped="0" failures="0">
  <properties>
    <property name="java.specification.version" value="18"/>
    <property name="sun.cpu.isalist" value="amd64"/>
    <property name="sun.jnu.encoding" value="Cp1251"/>
    <property name="java.class.path" value="C:\Users\Jealsey\Documents\GitHub\udvstore\target\test-classes;C:\Users\Jealsey\Documents\GitHub\udvstore\target\classes;C:\Users\Jealsey\.m2\repository\org\springframework\boot\spring-boot-starter-data-ldap\2.7.0\spring-boot-starter-data-ldap-2.7.0.jar;C:\Users\Jealsey\.m2\repository\org\springframework\boot\spring-boot-starter\2.7.0\spring-boot-starter-2.7.0.jar;C:\Users\Jealsey\.m2\repository\org\springframework\boot\spring-boot-starter-logging\2.7.0\spring-boot-starter-logging-2.7.0.jar;C:\Users\Jealsey\.m2\repository\ch\qos\logback\logback-classic\1.2.11\logback-classic-1.2.11.jar;C:\Users\Jealsey\.m2\repository\ch\qos\logback\logback-core\1.2.11\logback-core-1.2.11.jar;C:\Users\Jealsey\.m2\repository\org\apache\logging\log4j\log4j-to-slf4j\2.17.2\log4j-to-slf4j-2.17.2.jar;C:\Users\Jealsey\.m2\repository\org\apache\logging\log4j\log4j-api\2.17.2\log4j-api-2.17.2.jar;C:\Users\Jealsey\.m2\repository\org\slf4j\jul-to-slf4j\1.7.36\jul-to-slf4j-1.7.36.jar;C:\Users\Jealsey\.m2\repository\jakarta\annotation\jakarta.annotation-api\1.3.5\jakarta.annotation-api-1.3.5.jar;C:\Users\Jealsey\.m2\repository\org\yaml\snakeyaml\1.30\snakeyaml-1.30.jar;C:\Users\Jealsey\.m2\repository\org\springframework\data\spring-data-ldap\2.7.0\spring-data-ldap-2.7.0.jar;C:\Users\Jealsey\.m2\repository\org\springframework\spring-context\5.3.20\spring-context-5.3.20.jar;C:\Users\Jealsey\.m2\repository\org\springframework\ldap\spring-ldap-core\2.4.0\spring-ldap-core-2.4.0.jar;C:\Users\Jealsey\.m2\repository\org\springframework\data\spring-data-commons\2.7.0\spring-data-commons-2.7.0.jar;C:\Users\Jealsey\.m2\repository\org\springframework\boot\spring-boot-starter-data-mongodb\2.7.0\spring-boot-starter-data-mongodb-2.7.0.jar;C:\Users\Jealsey\.m2\repository\org\mongodb\mongodb-driver-sync\4.6.0\mongodb-driver-sync-4.6.0.jar;C:\Users\Jealsey\.m2\repository\org\mongodb\bson\4.6.0\bson-4.6.0.jar;C:\Users\Jealsey\.m2\repository\org\mongodb\mongodb-driver-core\4.6.0\mongodb-driver-core-4.6.0.jar;C:\Users\Jealsey\.m2\repository\org\mongodb\bson-record-codec\4.6.0\bson-record-codec-4.6.0.jar;C:\Users\Jealsey\.m2\repository\org\springframework\data\spring-data-mongodb\3.4.0\spring-data-mongodb-3.4.0.jar;C:\Users\Jealsey\.m2\repository\org\springframework\spring-tx\5.3.20\spring-tx-5.3.20.jar;C:\Users\Jealsey\.m2\repository\org\springframework\spring-beans\5.3.20\spring-beans-5.3.20.jar;C:\Users\Jealsey\.m2\repository\org\springframework\spring-expression\5.3.20\spring-expression-5.3.20.jar;C:\Users\Jealsey\.m2\repository\org\springframework\boot\spring-boot-starter-web\2.7.0\spring-boot-starter-web-2.7.0.jar;C:\Users\Jealsey\.m2\repository\org\springframework\boot\spring-boot-starter-json\2.7.0\spring-boot-starter-json-2.7.0.jar;C:\Users\Jealsey\.m2\repository\com\fasterxml\jackson\core\jackson-databind\2.13.3\jackson-databind-2.13.3.jar;C:\Users\Jealsey\.m2\repository\com\fasterxml\jackson\core\jackson-annotations\2.13.3\jackson-annotations-2.13.3.jar;C:\Users\Jealsey\.m2\repository\com\fasterxml\jackson\core\jackson-core\2.13.3\jackson-core-2.13.3.jar;C:\Users\Jealsey\.m2\repository\com\fasterxml\jackson\datatype\jackson-datatype-jdk8\2.13.3\jackson-datatype-jdk8-2.13.3.jar;C:\Users\Jealsey\.m2\repository\com\fasterxml\jackson\datatype\jackson-datatype-jsr310\2.13.3\jackson-datatype-jsr310-2.13.3.jar;C:\Users\Jealsey\.m2\repository\com\fasterxml\jackson\module\jackson-module-parameter-names\2.13.3\jackson-module-parameter-names-2.13.3.jar;C:\Users\Jealsey\.m2\repository\org\springframework\boot\spring-boot-starter-tomcat\2.7.0\spring-boot-starter-tomcat-2.7.0.jar;C:\Users\Jealsey\.m2\repository\org\apache\tomcat\embed\tomcat-embed-core\9.0.63\tomcat-embed-core-9.0.63.jar;C:\Users\Jealsey\.m2\repository\org\apache\tomcat\embed\tomcat-embed-el\9.0.63\tomcat-embed-el-9.0.63.jar;C:\Users\Jealsey\.m2\repository\org\apache\tomcat\embed\tomcat-embed-websocket\9.0.63\tomcat-embed-websocket-9.0.63.jar;C:\Users\Jealsey\.m2\repository\org\springframework\spring-web\5.3.20\spring-web-5.3.20.jar;C:\Users\Jealsey\.m2\repository\org\springframework\spring-webmvc\5.3.20\spring-webmvc-5.3.20.jar;C:\Users\Jealsey\.m2\repository\org\springframework\spring-aop\5.3.20\spring-aop-5.3.20.jar;C:\Users\Jealsey\.m2\repository\com\vaadin\vaadin-spring-boot-starter\23.0.7\vaadin-spring-boot-starter-23.0.7.jar;C:\Users\Jealsey\.m2\repository\com\vaadin\vaadin-spring\23.0.5\vaadin-spring-23.0.5.jar;C:\Users\Jealsey\.m2\repository\com\vaadin\flow-server\23.0.5\flow-server-23.0.5.jar;C:\Users\Jealsey\.m2\repository\javax\annotation\javax.annotation-api\1.3.2\javax.annotation-api-1.3.2.jar;C:\Users\Jealsey\.m2\repository\commons-fileupload\commons-fileupload\1.4\commons-fileupload-1.4.jar;C:\Users\Jealsey\.m2\repository\commons-io\commons-io\2.11.0\commons-io-2.11.0.jar;C:\Users\Jealsey\.m2\repository\org\jsoup\jsoup\1.14.3\jsoup-1.14.3.jar;C:\Users\Jealsey\.m2\repository\com\helger\ph-css\6.5.0\ph-css-6.5.0.jar;C:\Users\Jealsey\.m2\repository\com\helger\commons\ph-commons\10.1.6\ph-commons-10.1.6.jar;C:\Users\Jealsey\.m2\repository\com\google\code\findbugs\jsr305\3.0.2\jsr305-3.0.2.jar;C:\Users\Jealsey\.m2\repository\com\vaadin\external\gentyref\1.2.0.vaadin1\gentyref-1.2.0.vaadin1.jar;C:\Users\Jealsey\.m2\repository\org\apache\commons\commons-compress\1.21\commons-compress-1.21.jar;C:\Users\Jealsey\.m2\repository\org\apache\httpcomponents\httpclient\4.5.13\httpclient-4.5.13.jar;C:\Users\Jealsey\.m2\repository\org\apache\httpcomponents\httpcore\4.4.15\httpcore-4.4.15.jar;C:\Users\Jealsey\.m2\repository\commons-codec\commons-codec\1.15\commons-codec-1.15.jar;C:\Users\Jealsey\.m2\repository\com\vaadin\flow-push\23.0.5\flow-push-23.0.5.jar;C:\Users\Jealsey\.m2\repository\com\vaadin\external\atmosphere\atmosphere-runtime\2.7.3.slf4jvaadin4\atmosphere-runtime-2.7.3.slf4jvaadin4.jar;C:\Users\Jealsey\.m2\repository\com\vaadin\flow-client\23.0.5\flow-client-23.0.5.jar;C:\Users\Jealsey\.m2\repository\org\springframework\spring-websocket\5.3.20\spring-websocket-5.3.20.jar;C:\Users\Jealsey\.m2\repository\org\hibernate\validator\hibernate-validator\6.2.3.Final\hibernate-validator-6.2.3.Final.jar;C:\Users\Jealsey\.m2\repository\jakarta\validation\jakarta.validation-api\2.0.2\jakarta.validation-api-2.0.2.jar;C:\Users\Jealsey\.m2\repository\org\jboss\logging\jboss-logging\3.4.3.Final\jboss-logging-3.4.3.Final.jar;C:\Users\Jealsey\.m2\repository\com\fasterxml\classmate\1.5.1\classmate-1.5.1.jar;C:\Users\Jealsey\.m2\repository\com\vaadin\vaadin-core\23.0.7\vaadin-core-23.0.7.jar;C:\Users\Jealsey\.m2\repository\com\vaadin\vaadin-dev-server\23.0.5\vaadin-dev-server-23.0.5.jar;C:\Users\Jealsey\.m2\repository\com\vaadin\flow-lit-template\23.0.5\flow-lit-template-23.0.5.jar;C:\Users\Jealsey\.m2\repository\com\vaadin\flow-polymer-template\23.0.5\flow-polymer-template-23.0.5.jar;C:\Users\Jealsey\.m2\repository\com\vaadin\flow-html-components\23.0.5\flow-html-components-23.0.5.jar;C:\Users\Jealsey\.m2\repository\com\vaadin\flow-data\23.0.5\flow-data-23.0.5.jar;C:\Users\Jealsey\.m2\repository\javax\validation\validation-api\2.0.1.Final\validation-api-2.0.1.Final.jar;C:\Users\Jealsey\.m2\repository\com\vaadin\flow-dnd\23.0.5\flow-dnd-23.0.5.jar;C:\Users\Jealsey\.m2\repository\org\webjars\npm\vaadin__vaadin-mobile-drag-drop\1.0.1\vaadin__vaadin-mobile-drag-drop-1.0.1.jar;C:\Users\Jealsey\.m2\repository\org\webjars\npm\mobile-drag-drop\2.3.0-rc.2\mobile-drag-drop-2.3.0-rc.2.jar;C:\Users\Jealsey\.m2\repository\com\vaadin\vaadin-lumo-theme\23.0.7\vaadin-lumo-theme-23.0.7.jar;C:\Users\Jealsey\.m2\repository\com\vaadin\vaadin-material-theme\23.0.7\vaadin-material-theme-23.0.7.jar;C:\Users\Jealsey\.m2\repository\com\vaadin\vaadin-accordion-flow\23.0.7\vaadin-accordion-flow-23.0.7.jar;C:\Users\Jealsey\.m2\repository\com\vaadin\vaadin-avatar-flow\23.0.7\vaadin-avatar-flow-23.0.7.jar;C:\Users\Jealsey\.m2\repository\com\vaadin\vaadin-button-flow\23.0.7\vaadin-button-flow-23.0.7.jar;C:\Users\Jealsey\.m2\repository\com\vaadin\vaadin-checkbox-flow\23.0.7\vaadin-checkbox-flow-23.0.7.jar;C:\Users\Jealsey\.m2\repository\com\vaadin\vaadin-combo-box-flow\23.0.7\vaadin-combo-box-flow-23.0.7.jar;C:\Users\Jealsey\.m2\repository\com\vaadin\vaadin-custom-field-flow\23.0.7\vaadin-custom-field-flow-23.0.7.jar;C:\Users\Jealsey\.m2\repository\com\vaadin\vaadin-date-picker-flow\23.0.7\vaadin-date-picker-flow-23.0.7.jar;C:\Users\Jealsey\.m2\repository\com\vaadin\vaadin-date-time-picker-flow\23.0.7\vaadin-date-time-picker-flow-23.0.7.jar;C:\Users\Jealsey\.m2\repository\com\vaadin\vaadin-details-flow\23.0.7\vaadin-details-flow-23.0.7.jar;C:\Users\Jealsey\.m2\repository\com\vaadin\vaadin-time-picker-flow\23.0.7\vaadin-time-picker-flow-23.0.7.jar;C:\Users\Jealsey\.m2\repository\com\vaadin\vaadin-select-flow\23.0.7\vaadin-select-flow-23.0.7.jar;C:\Users\Jealsey\.m2\repository\com\vaadin\vaadin-dialog-flow\23.0.7\vaadin-dialog-flow-23.0.7.jar;C:\Users\Jealsey\.m2\repository\com\vaadin\vaadin-form-layout-flow\23.0.7\vaadin-form-layout-flow-23.0.7.jar;C:\Users\Jealsey\.m2\repository\com\vaadin\vaadin-grid-flow\23.0.7\vaadin-grid-flow-23.0.7.jar;C:\Users\Jealsey\.m2\repository\org\apache\commons\commons-lang3\3.12.0\commons-lang3-3.12.0.jar;C:\Users\Jealsey\.m2\repository\com\vaadin\vaadin-icons-flow\23.0.7\vaadin-icons-flow-23.0.7.jar;C:\Users\Jealsey\.m2\repository\com\vaadin\vaadin-iron-list-flow\23.0.7\vaadin-iron-list-flow-23.0.7.jar;C:\Users\Jealsey\.m2\repository\com\vaadin\vaadin-virtual-list-flow\23.0.7\vaadin-virtual-list-flow-23.0.7.jar;C:\Users\Jealsey\.m2\repository\com\vaadin\vaadin-list-box-flow\23.0.7\vaadin-list-box-flow-23.0.7.jar;C:\Users\Jealsey\.m2\repository\com\vaadin\vaadin-login-flow\23.0.7\vaadin-login-flow-23.0.7.jar;C:\Users\Jealsey\.m2\repository\com\vaadin\vaadin-messages-flow\23.0.7\vaadin-messages-flow-23.0.7.jar;C:\Users\Jealsey\.m2\repository\com\vaadin\vaadin-ordered-layout-flow\23.0.7\vaadin-ordered-layout-flow-23.0.7.jar;C:\Users\Jealsey\.m2\repository\com\vaadin\vaadin-progress-bar-flow\23.0.7\vaadin-progress-bar-flow-23.0.7.jar;C:\Users\Jealsey\.m2\repository\com\vaadin\vaadin-radio-button-flow\23.0.7\vaadin-radio-button-flow-23.0.7.jar;C:\Users\Jealsey\.m2\repository\com\vaadin\vaadin-renderer-flow\23.0.7\vaadin-renderer-flow-23.0.7.jar;C:\Users\Jealsey\.m2\repository\com\vaadin\vaadin-split-layout-flow\23.0.7\vaadin-split-layout-flow-23.0.7.jar;C:\Users\Jealsey\.m2\repository\com\vaadin\vaadin-tabs-flow\23.0.7\vaadin-tabs-flow-23.0.7.jar;C:\Users\Jealsey\.m2\repository\com\vaadin\vaadin-text-field-flow\23.0.7\vaadin-text-field-flow-23.0.7.jar;C:\Users\Jealsey\.m2\repository\com\vaadin\vaadin-upload-flow\23.0.7\vaadin-upload-flow-23.0.7.jar;C:\Users\Jealsey\.m2\repository\com\vaadin\vaadin-notification-flow\23.0.7\vaadin-notification-flow-23.0.7.jar;C:\Users\Jealsey\.m2\repository\com\vaadin\vaadin-app-layout-flow\23.0.7\vaadin-app-layout-flow-23.0.7.jar;C:\Users\Jealsey\.m2\repository\com\vaadin\vaadin-context-menu-flow\23.0.7\vaadin-context-menu-flow-23.0.7.jar;C:\Users\Jealsey\.m2\repository\com\vaadin\vaadin-menu-bar-flow\23.0.7\vaadin-menu-bar-flow-23.0.7.jar;C:\Users\Jealsey\.m2\repository\org\springframework\session\spring-session-core\2.7.0\spring-session-core-2.7.0.jar;C:\Users\Jealsey\.m2\repository\org\springframework\spring-jcl\5.3.20\spring-jcl-5.3.20.jar;C:\Users\Jealsey\.m2\repository\org\springframework\boot\spring-boot-devtools\2.7.0\spring-boot-devtools-2.7.0.jar;C:\Users\Jealsey\.m2\repository\org\springframework\boot\spring-boot\2.7.0\spring-boot-2.7.0.jar;C:\Users\Jealsey\.m2\repository\org\springframework\boot\spring-boot-autoconfigure\2.7.0\spring-boot-autoconfigure-2.7.0.jar;C:\Users\Jealsey\.m2\repository\org\projectlombok\lombok\1.18.24\lombok-1.18.24.jar;C:\Users\Jealsey\.m2\repository\org\springframework\boot\spring-boot-starter-test\2.7.0\spring-boot-starter-test-2.7.0.jar;C:\Users\Jealsey\.m2\repository\org\springframework\boot\spring-boot-test\2.7.0\spring-boot-test-2.7.0.jar;C:\Users\Jealsey\.m2\repository\org\springframework\boot\spring-boot-test-autoconfigure\2.7.0\spring-boot-test-autoconfigure-2.7.0.jar;C:\Users\Jealsey\.m2\repository\com\jayway\jsonpath\json-path\2.7.0\json-path-2.7.0.jar;C:\Users\Jealsey\.m2\repository\net\minidev\json-smart\2.4.8\json-smart-2.4.8.jar;C:\Users\Jealsey\.m2\repository\net\minidev\accessors-smart\2.4.8\accessors-smart-2.4.8.jar;C:\Users\Jealsey\.m2\repository\org\ow2\asm\asm\9.1\asm-9.1.jar;C:\Users\Jealsey\.m2\repository\jakarta\xml\bind\jakarta.xml.bind-api\2.3.3\jakarta.xml.bind-api-2.3.3.jar;C:\Users\Jealsey\.m2\repository\jakarta\activation\jakarta.activation-api\1.2.2\jakarta.activation-api-1.2.2.jar;C:\Users\Jealsey\.m2\repository\org\assertj\assertj-core\3.22.0\assertj-core-3.22.0.jar;C:\Users\Jealsey\.m2\repository\org\hamcrest\hamcrest\2.2\hamcrest-2.2.jar;C:\Users\Jealsey\.m2\repository\org\junit\jupiter\junit-jupiter\5.8.2\junit-jupiter-5.8.2.jar;C:\Users\Jealsey\.m2\repository\org\junit\jupiter\junit-jupiter-api\5.8.2\junit-jupiter-api-5.8.2.jar;C:\Users\Jealsey\.m2\repository\org\opentest4j\opentest4j\1.2.0\opentest4j-1.2.0.jar;C:\Users\Jealsey\.m2\repository\org\junit\platform\junit-platform-commons\1.8.2\junit-platform-commons-1.8.2.jar;C:\Users\Jealsey\.m2\repository\org\apiguardian\apiguardian-api\1.1.2\apiguardian-api-1.1.2.jar;C:\Users\Jealsey\.m2\repository\org\junit\jupiter\junit-jupiter-params\5.8.2\junit-jupiter-params-5.8.2.jar;C:\Users\Jealsey\.m2\repository\org\junit\jupiter\junit-jupiter-engine\5.8.2\junit-jupiter-engine-5.8.2.jar;C:\Users\Jealsey\.m2\repository\org\junit\platform\junit-platform-engine\1.8.2\junit-platform-engine-1.8.2.jar;C:\Users\Jealsey\.m2\repository\org\mockito\mockito-core\4.5.1\mockito-core-4.5.1.jar;C:\Users\Jealsey\.m2\repository\net\bytebuddy\byte-buddy\1.12.10\byte-buddy-1.12.10.jar;C:\Users\Jealsey\.m2\repository\net\bytebuddy\byte-buddy-agent\1.12.10\byte-buddy-agent-1.12.10.jar;C:\Users\Jealsey\.m2\repository\org\objenesis\objenesis\3.2\objenesis-3.2.jar;C:\Users\Jealsey\.m2\repository\org\mockito\mockito-junit-jupiter\4.5.1\mockito-junit-jupiter-4.5.1.jar;C:\Users\Jealsey\.m2\repository\org\skyscreamer\jsonassert\1.5.0\jsonassert-1.5.0.jar;C:\Users\Jealsey\.m2\repository\com\vaadin\external\google\android-json\0.0.20131108.vaadin1\android-json-0.0.20131108.vaadin1.jar;C:\Users\Jealsey\.m2\repository\org\springframework\spring-core\5.3.20\spring-core-5.3.20.jar;C:\Users\Jealsey\.m2\repository\org\springframework\spring-test\5.3.20\spring-test-5.3.20.jar;C:\Users\Jealsey\.m2\repository\org\xmlunit\xmlunit-core\2.9.0\xmlunit-core-2.9.0.jar;C:\Users\Jealsey\.m2\repository\com\unboundid\unboundid-ldapsdk\6.0.5\unboundid-ldapsdk-6.0.5.jar;C:\Users\Jealsey\.m2\repository\org\springframework\security\spring-security-test\5.7.1\spring-security-test-5.7.1.jar;C:\Users\Jealsey\.m2\repository\org\springframework\security\spring-security-core\5.7.1\spring-security-core-5.7.1.jar;C:\Users\Jealsey\.m2\repository\org\springframework\security\spring-security-crypto\5.7.1\spring-security-crypto-5.7.1.jar;C:\Users\Jealsey\.m2\repository\org\springframework\security\spring-security-web\5.7.1\spring-security-web-5.7.1.jar;C:\Users\Jealsey\.m2\repository\com\vaadin\license-checker\1.4.1\license-checker-1.4.1.jar;C:\Users\Jealsey\.m2\repository\com\vaadin\external\gwt\gwt-elemental\2.8.2.vaadin2\gwt-elemental-2.8.2.vaadin2.jar;C:\Users\Jealsey\.m2\repository\com\github\oshi\oshi-core\6.1.6\oshi-core-6.1.6.jar;C:\Users\Jealsey\.m2\repository\net\java\dev\jna\jna\5.10.0\jna-5.10.0.jar;C:\Users\Jealsey\.m2\repository\net\java\dev\jna\jna-platform\5.10.0\jna-platform-5.10.0.jar;C:\Users\Jealsey\.m2\repository\org\slf4j\slf4j-api\1.7.36\slf4j-api-1.7.36.jar;"/>
    <property name="java.vm.vendor" value="Oracle Corporation"/>
    <property name="sun.arch.data.model" value="64"/>
    <property name="user.variant" value=""/>
    <property name="java.vendor.url" value="https://java.oracle.com/"/>
    <property name="user.timezone" value="Asia/Yekaterinburg"/>
    <property name="os.name" value="Windows 10"/>
    <property name="java.vm.specification.version" value="18"/>
    <property name="sun.java.launcher" value="SUN_STANDARD"/>
    <property name="user.country" value="RU"/>
    <property name="sun.boot.library.path" value="C:\Program Files\Java\jdk-18.0.1\bin"/>
    <property name="sun.java.command" value="C:\Users\Jealsey\AppData\Local\Temp\surefire11553996154876890760\surefirebooter13909933337920768976.jar C:\Users\Jealsey\AppData\Local\Temp\surefire11553996154876890760 2022-05-26T19-11-55_816-jvmRun1 surefire5587943200626277546tmp surefire_016304223460265152605tmp"/>
    <property name="jdk.debug" value="release"/>
    <property name="surefire.test.class.path" value="C:\Users\Jealsey\Documents\GitHub\udvstore\target\test-classes;C:\Users\Jealsey\Documents\GitHub\udvstore\target\classes;C:\Users\Jealsey\.m2\repository\org\springframework\boot\spring-boot-starter-data-ldap\2.7.0\spring-boot-starter-data-ldap-2.7.0.jar;C:\Users\Jealsey\.m2\repository\org\springframework\boot\spring-boot-starter\2.7.0\spring-boot-starter-2.7.0.jar;C:\Users\Jealsey\.m2\repository\org\springframework\boot\spring-boot-starter-logging\2.7.0\spring-boot-starter-logging-2.7.0.jar;C:\Users\Jealsey\.m2\repository\ch\qos\logback\logback-classic\1.2.11\logback-classic-1.2.11.jar;C:\Users\Jealsey\.m2\repository\ch\qos\logback\logback-core\1.2.11\logback-core-1.2.11.jar;C:\Users\Jealsey\.m2\repository\org\apache\logging\log4j\log4j-to-slf4j\2.17.2\log4j-to-slf4j-2.17.2.jar;C:\Users\Jealsey\.m2\repository\org\apache\logging\log4j\log4j-api\2.17.2\log4j-api-2.17.2.jar;C:\Users\Jealsey\.m2\repository\org\slf4j\jul-to-slf4j\1.7.36\jul-to-slf4j-1.7.36.jar;C:\Users\Jealsey\.m2\repository\jakarta\annotation\jakarta.annotation-api\1.3.5\jakarta.annotation-api-1.3.5.jar;C:\Users\Jealsey\.m2\repository\org\yaml\snakeyaml\1.30\snakeyaml-1.30.jar;C:\Users\Jealsey\.m2\repository\org\springframework\data\spring-data-ldap\2.7.0\spring-data-ldap-2.7.0.jar;C:\Users\Jealsey\.m2\repository\org\springframework\spring-context\5.3.20\spring-context-5.3.20.jar;C:\Users\Jealsey\.m2\repository\org\springframework\ldap\spring-ldap-core\2.4.0\spring-ldap-core-2.4.0.jar;C:\Users\Jealsey\.m2\repository\org\springframework\data\spring-data-commons\2.7.0\spring-data-commons-2.7.0.jar;C:\Users\Jealsey\.m2\repository\org\springframework\boot\spring-boot-starter-data-mongodb\2.7.0\spring-boot-starter-data-mongodb-2.7.0.jar;C:\Users\Jealsey\.m2\repository\org\mongodb\mongodb-driver-sync\4.6.0\mongodb-driver-sync-4.6.0.jar;C:\Users\Jealsey\.m2\repository\org\mongodb\bson\4.6.0\bson-4.6.0.jar;C:\Users\Jealsey\.m2\repository\org\mongodb\mongodb-driver-core\4.6.0\mongodb-driver-core-4.6.0.jar;C:\Users\Jealsey\.m2\repository\org\mongodb\bson-record-codec\4.6.0\bson-record-codec-4.6.0.jar;C:\Users\Jealsey\.m2\repository\org\springframework\data\spring-data-mongodb\3.4.0\spring-data-mongodb-3.4.0.jar;C:\Users\Jealsey\.m2\repository\org\springframework\spring-tx\5.3.20\spring-tx-5.3.20.jar;C:\Users\Jealsey\.m2\repository\org\springframework\spring-beans\5.3.20\spring-beans-5.3.20.jar;C:\Users\Jealsey\.m2\repository\org\springframework\spring-expression\5.3.20\spring-expression-5.3.20.jar;C:\Users\Jealsey\.m2\repository\org\springframework\boot\spring-boot-starter-web\2.7.0\spring-boot-starter-web-2.7.0.jar;C:\Users\Jealsey\.m2\repository\org\springframework\boot\spring-boot-starter-json\2.7.0\spring-boot-starter-json-2.7.0.jar;C:\Users\Jealsey\.m2\repository\com\fasterxml\jackson\core\jackson-databind\2.13.3\jackson-databind-2.13.3.jar;C:\Users\Jealsey\.m2\repository\com\fasterxml\jackson\core\jackson-annotations\2.13.3\jackson-annotations-2.13.3.jar;C:\Users\Jealsey\.m2\repository\com\fasterxml\jackson\core\jackson-core\2.13.3\jackson-core-2.13.3.jar;C:\Users\Jealsey\.m2\repository\com\fasterxml\jackson\datatype\jackson-datatype-jdk8\2.13.3\jackson-datatype-jdk8-2.13.3.jar;C:\Users\Jealsey\.m2\repository\com\fasterxml\jackson\datatype\jackson-datatype-jsr310\2.13.3\jackson-datatype-jsr310-2.13.3.jar;C:\Users\Jealsey\.m2\repository\com\fasterxml\jackson\module\jackson-module-parameter-names\2.13.3\jackson-module-parameter-names-2.13.3.jar;C:\Users\Jealsey\.m2\repository\org\springframework\boot\spring-boot-starter-tomcat\2.7.0\spring-boot-starter-tomcat-2.7.0.jar;C:\Users\Jealsey\.m2\repository\org\apache\tomcat\embed\tomcat-embed-core\9.0.63\tomcat-embed-core-9.0.63.jar;C:\Users\Jealsey\.m2\repository\org\apache\tomcat\embed\tomcat-embed-el\9.0.63\tomcat-embed-el-9.0.63.jar;C:\Users\Jealsey\.m2\repository\org\apache\tomcat\embed\tomcat-embed-websocket\9.0.63\tomcat-embed-websocket-9.0.63.jar;C:\Users\Jealsey\.m2\repository\org\springframework\spring-web\5.3.20\spring-web-5.3.20.jar;C:\Users\Jealsey\.m2\repository\org\springframework\spring-webmvc\5.3.20\spring-webmvc-5.3.20.jar;C:\Users\Jealsey\.m2\repository\org\springframework\spring-aop\5.3.20\spring-aop-5.3.20.jar;C:\Users\Jealsey\.m2\repository\com\vaadin\vaadin-spring-boot-starter\23.0.7\vaadin-spring-boot-starter-23.0.7.jar;C:\Users\Jealsey\.m2\repository\com\vaadin\vaadin-spring\23.0.5\vaadin-spring-23.0.5.jar;C:\Users\Jealsey\.m2\repository\com\vaadin\flow-server\23.0.5\flow-server-23.0.5.jar;C:\Users\Jealsey\.m2\repository\javax\annotation\javax.annotation-api\1.3.2\javax.annotation-api-1.3.2.jar;C:\Users\Jealsey\.m2\repository\commons-fileupload\commons-fileupload\1.4\commons-fileupload-1.4.jar;C:\Users\Jealsey\.m2\repository\commons-io\commons-io\2.11.0\commons-io-2.11.0.jar;C:\Users\Jealsey\.m2\repository\org\jsoup\jsoup\1.14.3\jsoup-1.14.3.jar;C:\Users\Jealsey\.m2\repository\com\helger\ph-css\6.5.0\ph-css-6.5.0.jar;C:\Users\Jealsey\.m2\repository\com\helger\commons\ph-commons\10.1.6\ph-commons-10.1.6.jar;C:\Users\Jealsey\.m2\repository\com\google\code\findbugs\jsr305\3.0.2\jsr305-3.0.2.jar;C:\Users\Jealsey\.m2\repository\com\vaadin\external\gentyref\1.2.0.vaadin1\gentyref-1.2.0.vaadin1.jar;C:\Users\Jealsey\.m2\repository\org\apache\commons\commons-compress\1.21\commons-compress-1.21.jar;C:\Users\Jealsey\.m2\repository\org\apache\httpcomponents\httpclient\4.5.13\httpclient-4.5.13.jar;C:\Users\Jealsey\.m2\repository\org\apache\httpcomponents\httpcore\4.4.15\httpcore-4.4.15.jar;C:\Users\Jealsey\.m2\repository\commons-codec\commons-codec\1.15\commons-codec-1.15.jar;C:\Users\Jealsey\.m2\repository\com\vaadin\flow-push\23.0.5\flow-push-23.0.5.jar;C:\Users\Jealsey\.m2\repository\com\vaadin\external\atmosphere\atmosphere-runtime\2.7.3.slf4jvaadin4\atmosphere-runtime-2.7.3.slf4jvaadin4.jar;C:\Users\Jealsey\.m2\repository\com\vaadin\flow-client\23.0.5\flow-client-23.0.5.jar;C:\Users\Jealsey\.m2\repository\org\springframework\spring-websocket\5.3.20\spring-websocket-5.3.20.jar;C:\Users\Jealsey\.m2\repository\org\hibernate\validator\hibernate-validator\6.2.3.Final\hibernate-validator-6.2.3.Final.jar;C:\Users\Jealsey\.m2\repository\jakarta\validation\jakarta.validation-api\2.0.2\jakarta.validation-api-2.0.2.jar;C:\Users\Jealsey\.m2\repository\org\jboss\logging\jboss-logging\3.4.3.Final\jboss-logging-3.4.3.Final.jar;C:\Users\Jealsey\.m2\repository\com\fasterxml\classmate\1.5.1\classmate-1.5.1.jar;C:\Users\Jealsey\.m2\repository\com\vaadin\vaadin-core\23.0.7\vaadin-core-23.0.7.jar;C:\Users\Jealsey\.m2\repository\com\vaadin\vaadin-dev-server\23.0.5\vaadin-dev-server-23.0.5.jar;C:\Users\Jealsey\.m2\repository\com\vaadin\flow-lit-template\23.0.5\flow-lit-template-23.0.5.jar;C:\Users\Jealsey\.m2\repository\com\vaadin\flow-polymer-template\23.0.5\flow-polymer-template-23.0.5.jar;C:\Users\Jealsey\.m2\repository\com\vaadin\flow-html-components\23.0.5\flow-html-components-23.0.5.jar;C:\Users\Jealsey\.m2\repository\com\vaadin\flow-data\23.0.5\flow-data-23.0.5.jar;C:\Users\Jealsey\.m2\repository\javax\validation\validation-api\2.0.1.Final\validation-api-2.0.1.Final.jar;C:\Users\Jealsey\.m2\repository\com\vaadin\flow-dnd\23.0.5\flow-dnd-23.0.5.jar;C:\Users\Jealsey\.m2\repository\org\webjars\npm\vaadin__vaadin-mobile-drag-drop\1.0.1\vaadin__vaadin-mobile-drag-drop-1.0.1.jar;C:\Users\Jealsey\.m2\repository\org\webjars\npm\mobile-drag-drop\2.3.0-rc.2\mobile-drag-drop-2.3.0-rc.2.jar;C:\Users\Jealsey\.m2\repository\com\vaadin\vaadin-lumo-theme\23.0.7\vaadin-lumo-theme-23.0.7.jar;C:\Users\Jealsey\.m2\repository\com\vaadin\vaadin-material-theme\23.0.7\vaadin-material-theme-23.0.7.jar;C:\Users\Jealsey\.m2\repository\com\vaadin\vaadin-accordion-flow\23.0.7\vaadin-accordion-flow-23.0.7.jar;C:\Users\Jealsey\.m2\repository\com\vaadin\vaadin-avatar-flow\23.0.7\vaadin-avatar-flow-23.0.7.jar;C:\Users\Jealsey\.m2\repository\com\vaadin\vaadin-button-flow\23.0.7\vaadin-button-flow-23.0.7.jar;C:\Users\Jealsey\.m2\repository\com\vaadin\vaadin-checkbox-flow\23.0.7\vaadin-checkbox-flow-23.0.7.jar;C:\Users\Jealsey\.m2\repository\com\vaadin\vaadin-combo-box-flow\23.0.7\vaadin-combo-box-flow-23.0.7.jar;C:\Users\Jealsey\.m2\repository\com\vaadin\vaadin-custom-field-flow\23.0.7\vaadin-custom-field-flow-23.0.7.jar;C:\Users\Jealsey\.m2\repository\com\vaadin\vaadin-date-picker-flow\23.0.7\vaadin-date-picker-flow-23.0.7.jar;C:\Users\Jealsey\.m2\repository\com\vaadin\vaadin-date-time-picker-flow\23.0.7\vaadin-date-time-picker-flow-23.0.7.jar;C:\Users\Jealsey\.m2\repository\com\vaadin\vaadin-details-flow\23.0.7\vaadin-details-flow-23.0.7.jar;C:\Users\Jealsey\.m2\repository\com\vaadin\vaadin-time-picker-flow\23.0.7\vaadin-time-picker-flow-23.0.7.jar;C:\Users\Jealsey\.m2\repository\com\vaadin\vaadin-select-flow\23.0.7\vaadin-select-flow-23.0.7.jar;C:\Users\Jealsey\.m2\repository\com\vaadin\vaadin-dialog-flow\23.0.7\vaadin-dialog-flow-23.0.7.jar;C:\Users\Jealsey\.m2\repository\com\vaadin\vaadin-form-layout-flow\23.0.7\vaadin-form-layout-flow-23.0.7.jar;C:\Users\Jealsey\.m2\repository\com\vaadin\vaadin-grid-flow\23.0.7\vaadin-grid-flow-23.0.7.jar;C:\Users\Jealsey\.m2\repository\org\apache\commons\commons-lang3\3.12.0\commons-lang3-3.12.0.jar;C:\Users\Jealsey\.m2\repository\com\vaadin\vaadin-icons-flow\23.0.7\vaadin-icons-flow-23.0.7.jar;C:\Users\Jealsey\.m2\repository\com\vaadin\vaadin-iron-list-flow\23.0.7\vaadin-iron-list-flow-23.0.7.jar;C:\Users\Jealsey\.m2\repository\com\vaadin\vaadin-virtual-list-flow\23.0.7\vaadin-virtual-list-flow-23.0.7.jar;C:\Users\Jealsey\.m2\repository\com\vaadin\vaadin-list-box-flow\23.0.7\vaadin-list-box-flow-23.0.7.jar;C:\Users\Jealsey\.m2\repository\com\vaadin\vaadin-login-flow\23.0.7\vaadin-login-flow-23.0.7.jar;C:\Users\Jealsey\.m2\repository\com\vaadin\vaadin-messages-flow\23.0.7\vaadin-messages-flow-23.0.7.jar;C:\Users\Jealsey\.m2\repository\com\vaadin\vaadin-ordered-layout-flow\23.0.7\vaadin-ordered-layout-flow-23.0.7.jar;C:\Users\Jealsey\.m2\repository\com\vaadin\vaadin-progress-bar-flow\23.0.7\vaadin-progress-bar-flow-23.0.7.jar;C:\Users\Jealsey\.m2\repository\com\vaadin\vaadin-radio-button-flow\23.0.7\vaadin-radio-button-flow-23.0.7.jar;C:\Users\Jealsey\.m2\repository\com\vaadin\vaadin-renderer-flow\23.0.7\vaadin-renderer-flow-23.0.7.jar;C:\Users\Jealsey\.m2\repository\com\vaadin\vaadin-split-layout-flow\23.0.7\vaadin-split-layout-flow-23.0.7.jar;C:\Users\Jealsey\.m2\repository\com\vaadin\vaadin-tabs-flow\23.0.7\vaadin-tabs-flow-23.0.7.jar;C:\Users\Jealsey\.m2\repository\com\vaadin\vaadin-text-field-flow\23.0.7\vaadin-text-field-flow-23.0.7.jar;C:\Users\Jealsey\.m2\repository\com\vaadin\vaadin-upload-flow\23.0.7\vaadin-upload-flow-23.0.7.jar;C:\Users\Jealsey\.m2\repository\com\vaadin\vaadin-notification-flow\23.0.7\vaadin-notification-flow-23.0.7.jar;C:\Users\Jealsey\.m2\repository\com\vaadin\vaadin-app-layout-flow\23.0.7\vaadin-app-layout-flow-23.0.7.jar;C:\Users\Jealsey\.m2\repository\com\vaadin\vaadin-context-menu-flow\23.0.7\vaadin-context-menu-flow-23.0.7.jar;C:\Users\Jealsey\.m2\repository\com\vaadin\vaadin-menu-bar-flow\23.0.7\vaadin-menu-bar-flow-23.0.7.jar;C:\Users\Jealsey\.m2\repository\org\springframework\session\spring-session-core\2.7.0\spring-session-core-2.7.0.jar;C:\Users\Jealsey\.m2\repository\org\springframework\spring-jcl\5.3.20\spring-jcl-5.3.20.jar;C:\Users\Jealsey\.m2\repository\org\springframework\boot\spring-boot-devtools\2.7.0\spring-boot-devtools-2.7.0.jar;C:\Users\Jealsey\.m2\repository\org\springframework\boot\spring-boot\2.7.0\spring-boot-2.7.0.jar;C:\Users\Jealsey\.m2\repository\org\springframework\boot\spring-boot-autoconfigure\2.7.0\spring-boot-autoconfigure-2.7.0.jar;C:\Users\Jealsey\.m2\repository\org\projectlombok\lombok\1.18.24\lombok-1.18.24.jar;C:\Users\Jealsey\.m2\repository\org\springframework\boot\spring-boot-starter-test\2.7.0\spring-boot-starter-test-2.7.0.jar;C:\Users\Jealsey\.m2\repository\org\springframework\boot\spring-boot-test\2.7.0\spring-boot-test-2.7.0.jar;C:\Users\Jealsey\.m2\repository\org\springframework\boot\spring-boot-test-autoconfigure\2.7.0\spring-boot-test-autoconfigure-2.7.0.jar;C:\Users\Jealsey\.m2\repository\com\jayway\jsonpath\json-path\2.7.0\json-path-2.7.0.jar;C:\Users\Jealsey\.m2\repository\net\minidev\json-smart\2.4.8\json-smart-2.4.8.jar;C:\Users\Jealsey\.m2\repository\net\minidev\accessors-smart\2.4.8\accessors-smart-2.4.8.jar;C:\Users\Jealsey\.m2\repository\org\ow2\asm\asm\9.1\asm-9.1.jar;C:\Users\Jealsey\.m2\repository\jakarta\xml\bind\jakarta.xml.bind-api\2.3.3\jakarta.xml.bind-api-2.3.3.jar;C:\Users\Jealsey\.m2\repository\jakarta\activation\jakarta.activation-api\1.2.2\jakarta.activation-api-1.2.2.jar;C:\Users\Jealsey\.m2\repository\org\assertj\assertj-core\3.22.0\assertj-core-3.22.0.jar;C:\Users\Jealsey\.m2\repository\org\hamcrest\hamcrest\2.2\hamcrest-2.2.jar;C:\Users\Jealsey\.m2\repository\org\junit\jupiter\junit-jupiter\5.8.2\junit-jupiter-5.8.2.jar;C:\Users\Jealsey\.m2\repository\org\junit\jupiter\junit-jupiter-api\5.8.2\junit-jupiter-api-5.8.2.jar;C:\Users\Jealsey\.m2\repository\org\opentest4j\opentest4j\1.2.0\opentest4j-1.2.0.jar;C:\Users\Jealsey\.m2\repository\org\junit\platform\junit-platform-commons\1.8.2\junit-platform-commons-1.8.2.jar;C:\Users\Jealsey\.m2\repository\org\apiguardian\apiguardian-api\1.1.2\apiguardian-api-1.1.2.jar;C:\Users\Jealsey\.m2\repository\org\junit\jupiter\junit-jupiter-params\5.8.2\junit-jupiter-params-5.8.2.jar;C:\Users\Jealsey\.m2\repository\org\junit\jupiter\junit-jupiter-engine\5.8.2\junit-jupiter-engine-5.8.2.jar;C:\Users\Jealsey\.m2\repository\org\junit\platform\junit-platform-engine\1.8.2\junit-platform-engine-1.8.2.jar;C:\Users\Jealsey\.m2\repository\org\mockito\mockito-core\4.5.1\mockito-core-4.5.1.jar;C:\Users\Jealsey\.m2\repository\net\bytebuddy\byte-buddy\1.12.10\byte-buddy-1.12.10.jar;C:\Users\Jealsey\.m2\repository\net\bytebuddy\byte-buddy-agent\1.12.10\byte-buddy-agent-1.12.10.jar;C:\Users\Jealsey\.m2\repository\org\objenesis\objenesis\3.2\objenesis-3.2.jar;C:\Users\Jealsey\.m2\repository\org\mockito\mockito-junit-jupiter\4.5.1\mockito-junit-jupiter-4.5.1.jar;C:\Users\Jealsey\.m2\repository\org\skyscreamer\jsonassert\1.5.0\jsonassert-1.5.0.jar;C:\Users\Jealsey\.m2\repository\com\vaadin\external\google\android-json\0.0.20131108.vaadin1\android-json-0.0.20131108.vaadin1.jar;C:\Users\Jealsey\.m2\repository\org\springframework\spring-core\5.3.20\spring-core-5.3.20.jar;C:\Users\Jealsey\.m2\repository\org\springframework\spring-test\5.3.20\spring-test-5.3.20.jar;C:\Users\Jealsey\.m2\repository\org\xmlunit\xmlunit-core\2.9.0\xmlunit-core-2.9.0.jar;C:\Users\Jealsey\.m2\repository\com\unboundid\unboundid-ldapsdk\6.0.5\unboundid-ldapsdk-6.0.5.jar;C:\Users\Jealsey\.m2\repository\org\springframework\security\spring-security-test\5.7.1\spring-security-test-5.7.1.jar;C:\Users\Jealsey\.m2\repository\org\springframework\security\spring-security-core\5.7.1\spring-security-core-5.7.1.jar;C:\Users\Jealsey\.m2\repository\org\springframework\security\spring-security-crypto\5.7.1\spring-security-crypto-5.7.1.jar;C:\Users\Jealsey\.m2\repository\org\springframework\security\spring-security-web\5.7.1\spring-security-web-5.7.1.jar;C:\Users\Jealsey\.m2\repository\com\vaadin\license-checker\1.4.1\license-checker-1.4.1.jar;C:\Users\Jealsey\.m2\repository\com\vaadin\external\gwt\gwt-elemental\2.8.2.vaadin2\gwt-elemental-2.8.2.vaadin2.jar;C:\Users\Jealsey\.m2\repository\com\github\oshi\oshi-core\6.1.6\oshi-core-6.1.6.jar;C:\Users\Jealsey\.m2\repository\net\java\dev\jna\jna\5.10.0\jna-5.10.0.jar;C:\Users\Jealsey\.m2\repository\net\java\dev\jna\jna-platform\5.10.0\jna-platform-5.10.0.jar;C:\Users\Jealsey\.m2\repository\org\slf4j\slf4j-api\1.7.36\slf4j-api-1.7.36.jar;"/>
    <property name="sun.cpu.endian" value="little"/>
    <property name="user.home" value="C:\Users\Jealsey"/>
    <property name="user.language" value="ru"/>
    <property name="java.specification.vendor" value="Oracle Corporation"/>
    <property name="java.version.date" value="2022-04-19"/>
    <property name="java.home" value="C:\Program Files\Java\jdk-18.0.1"/>
    <property name="file.separator" value="\"/>
    <property name="basedir" value="C:\Users\Jealsey\Documents\GitHub\udvstore"/>
    <property name="java.vm.compressedOopsMode" value="32-bit"/>
    <property name="line.separator" value="&#10;"/>
    <property name="java.vm.specification.vendor" value="Oracle Corporation"/>
    <property name="java.specification.name" value="Java Platform API Specification"/>
    <property name="surefire.real.class.path" value="C:\Users\Jealsey\AppData\Local\Temp\surefire11553996154876890760\surefirebooter13909933337920768976.jar"/>
    <property name="user.script" value=""/>
    <property name="sun.management.compiler" value="HotSpot 64-Bit Tiered Compilers"/>
    <property name="java.runtime.version" value="18.0.1+10-24"/>
    <property name="user.name" value="Jealsey"/>
    <property name="path.separator" value=";"/>
    <property name="os.version" value="10.0"/>
    <property name="java.runtime.name" value="Java(TM) SE Runtime Environment"/>
    <property name="file.encoding" value="UTF-8"/>
    <property name="java.vm.name" value="Java HotSpot(TM) 64-Bit Server VM"/>
    <property name="localRepository" value="C:\Users\Jealsey\.m2\repository"/>
    <property name="java.vendor.url.bug" value="https://bugreport.java.com/bugreport/"/>
    <property name="java.io.tmpdir" value="C:\Users\Jealsey\AppData\Local\Temp\"/>
    <property name="idea.version" value="2022.1.1"/>
    <property name="java.version" value="18.0.1"/>
    <property name="user.dir" value="C:\Users\Jealsey\Documents\GitHub\udvstore"/>
    <property name="os.arch" value="amd64"/>
    <property name="java.vm.specification.name" value="Java Virtual Machine Specification"/>
    <property name="sun.os.patch.level" value=""/>
    <property name="native.encoding" value="Cp1251"/>
    <property name="java.library.path" value="C:\Program Files\Java\jdk-18.0.1\bin;C:\Windows\Sun\Java\bin;C:\Windows\system32;C:\Windows;C:\Program Files\Common Files\Oracle\Java\javapath;C:\Program Files (x86)\Common Files\Oracle\Java\javapath;C:\ProgramData\Oracle\Java\javapath;OS;C:\Windows\system32;C:\Windows;C:\Windows\System32\Wbem;C:\Windows\System32\WindowsPowerShell\v1.0\;C:\Windows\System32\OpenSSH\;C:\Program Files\dotnet\;C:\Program Files\Microsoft SQL Server\130\Tools\Binn\;C:\ProgramData\chocolatey\bin;C:\Program Files\Git\cmd;C:\Users\Jealsey\AppData\Local\Microsoft\WindowsApps;C:\Users\Jealsey\.dotnet\tools;C:\Users\Jealsey\AppData\Local\GitHubDesktop\bin;C:\Program Files\JetBrains\JetBrains Rider 2021.3.3\bin;;C:\Program Files\JetBrains\IntelliJ IDEA 2021.3.3\bin;;C:\Program Files\JetBrains\PyCharm 2021.2.2\bin;;C:\Program Files\heroku\bin;."/>
    <property name="java.vm.info" value="mixed mode, sharing"/>
    <property name="java.vendor" value="Oracle Corporation"/>
    <property name="java.vm.version" value="18.0.1+10-24"/>
    <property name="sun.io.unicode.encoding" value="UnicodeLittle"/>
    <property name="java.class.version" value="62.0"/>
  </properties>
  <testcase name="contextLoads" classname="com.udv.udvstore.UdvstoreApplicationTests" time="0.958"/>
</testsuite>